2018-12-04 13:56:48 INFO  LoggerManager:26 - class by.training.task.web.config.SecurityConfig set security access strings
2018-12-04 13:56:48 INFO  LoggerManager:26 - class by.training.task.web.config.SecurityConfig set security access strings
2018-12-04 13:56:48 INFO  LoggerManager:26 - class by.training.task.web.config.SecurityConfig set security access strings
2018-12-04 13:56:53 INFO  LoggerManager:26 - class by.training.task.web.filter.SecurityFilter user try to access: admin Role: Administrator URL: subscription
2018-12-04 13:56:53 INFO  LoggerManager:26 - class by.training.task.web.filter.SecurityFilter user try to access: admin Role: Administrator URL: getAllSubscription
2018-12-04 13:56:53 INFO  LoggerManager:26 - class by.training.task.web.servlets.subscription.GetAllServlet set security access strings
2018-12-04 13:56:53 INFO  LoggerManager:26 - class by.training.task.web.filter.SecurityFilter user try to access: admin Role: Administrator URL: getAllPayment
2018-12-04 13:56:53 INFO  LoggerManager:26 - class by.training.task.web.filter.SecurityFilter user try to access: admin Role: Administrator URL: getAllReader
2018-12-04 13:56:53 INFO  LoggerManager:26 - class by.training.task.web.filter.SecurityFilter user try to access: admin Role: Administrator URL: getAllPublication
2018-12-04 14:00:03 INFO  class by.training.task.web.config.SecurityConfig set security access strings
2018-12-04 14:00:03 INFO  class by.training.task.web.config.SecurityConfig set security access strings
2018-12-04 14:00:03 INFO  class by.training.task.web.config.SecurityConfig set security access strings
2018-12-04 16:56:28 INFO  class by.training.task.web.config.SecurityConfig set security access strings
2018-12-04 16:56:28 INFO  class by.training.task.web.config.SecurityConfig set security access strings
2018-12-04 16:56:28 INFO  class by.training.task.web.config.SecurityConfig set security access strings
2018-12-04 16:56:31 INFO  class by.training.task.web.filter.SecurityFilter user try to access: admin Role: Administrator URL: subscription
2018-12-04 16:56:32 INFO  class by.training.task.web.filter.SecurityFilter user try to access: admin Role: Administrator URL: getAllSubscription
2018-12-04 16:56:32 INFO  class by.training.task.web.filter.SecurityFilter user try to access: admin Role: Administrator URL: getAllPayment
2018-12-04 16:56:32 INFO  class by.training.task.web.filter.SecurityFilter user try to access: admin Role: Administrator URL: getAllPublication
2018-12-04 16:56:32 INFO  class by.training.task.web.filter.SecurityFilter user try to access: admin Role: Administrator URL: getAllReader
2018-12-04 16:56:33 INFO  class by.training.task.web.filter.SecurityFilter user try to access: admin Role: Administrator URL: language
2018-12-04 16:57:20 INFO  class by.training.task.web.config.SecurityConfig set security access strings
2018-12-04 16:57:20 INFO  class by.training.task.web.config.SecurityConfig set security access strings
2018-12-04 16:57:20 INFO  class by.training.task.web.config.SecurityConfig set security access strings
2018-12-04 16:57:23 INFO  class by.training.task.web.filter.SecurityFilter user try to access: admin Role: Administrator URL: subscription
2018-12-04 16:57:23 INFO  class by.training.task.web.filter.SecurityFilter user try to access: admin Role: Administrator URL: getAllReader
2018-12-04 16:57:23 INFO  class by.training.task.web.filter.SecurityFilter user try to access: admin Role: Administrator URL: getAllSubscription
2018-12-04 16:57:23 INFO  class by.training.task.web.filter.SecurityFilter user try to access: admin Role: Administrator URL: getAllPayment
2018-12-04 16:57:23 INFO  class by.training.task.web.filter.SecurityFilter user try to access: admin Role: Administrator URL: getAllPublication
2018-12-04 16:57:25 INFO  class by.training.task.web.filter.SecurityFilter user try to access: admin Role: Administrator URL: language
2018-12-04 16:58:04 INFO  class by.training.task.web.filter.SecurityFilter user try to access: admin Role: Administrator URL: language
2018-12-04 16:58:14 INFO  class by.training.task.web.filter.SecurityFilter user try to access: admin Role: Administrator URL: language
2018-12-04 16:58:16 INFO  class by.training.task.web.filter.SecurityFilter user try to access: admin Role: Administrator URL: subscription
2018-12-04 16:58:16 INFO  class by.training.task.web.filter.SecurityFilter user try to access: admin Role: Administrator URL: getAllSubscription
2018-12-04 16:58:16 INFO  class by.training.task.web.filter.SecurityFilter user try to access: admin Role: Administrator URL: getAllReader
2018-12-04 16:58:16 INFO  class by.training.task.web.filter.SecurityFilter user try to access: admin Role: Administrator URL: getAllPayment
2018-12-04 16:58:16 INFO  class by.training.task.web.filter.SecurityFilter user try to access: admin Role: Administrator URL: getAllPublication
2018-12-04 16:58:17 INFO  class by.training.task.web.filter.SecurityFilter user try to access: admin Role: Administrator URL: subscription
2018-12-04 16:58:17 INFO  class by.training.task.web.filter.SecurityFilter user try to access: admin Role: Administrator URL: getAllReader
2018-12-04 16:58:17 INFO  class by.training.task.web.filter.SecurityFilter user try to access: admin Role: Administrator URL: getAllPayment
2018-12-04 16:58:17 INFO  class by.training.task.web.filter.SecurityFilter user try to access: admin Role: Administrator URL: getAllSubscription
2018-12-04 16:58:17 INFO  class by.training.task.web.filter.SecurityFilter user try to access: admin Role: Administrator URL: getAllPublication
2018-12-04 16:58:20 INFO  class by.training.task.web.filter.SecurityFilter user try to access: admin Role: Administrator URL: getAllSubscription
2018-12-04 16:58:21 INFO  class by.training.task.web.filter.SecurityFilter user try to access: admin Role: Administrator URL: getAllSubscription
2018-12-04 16:58:22 INFO  class by.training.task.web.filter.SecurityFilter user try to access: admin Role: Administrator URL: getAllSubscription
2018-12-04 16:58:22 INFO  class by.training.task.web.filter.SecurityFilter user try to access: admin Role: Administrator URL: subscription
2018-12-04 16:58:22 INFO  class by.training.task.web.filter.SecurityFilter user try to access: admin Role: Administrator URL: getAllReader
2018-12-04 16:58:22 INFO  class by.training.task.web.filter.SecurityFilter user try to access: admin Role: Administrator URL: getAllPayment
2018-12-04 16:58:22 INFO  class by.training.task.web.filter.SecurityFilter user try to access: admin Role: Administrator URL: getAllSubscription
2018-12-04 16:58:22 INFO  class by.training.task.web.filter.SecurityFilter user try to access: admin Role: Administrator URL: getAllPublication
2018-12-04 16:58:53 INFO  class by.training.task.web.config.SecurityConfig set security access strings
2018-12-04 16:58:53 INFO  class by.training.task.web.config.SecurityConfig set security access strings
2018-12-04 16:58:54 INFO  class by.training.task.web.config.SecurityConfig set security access strings
2018-12-04 16:59:45 INFO  class by.training.task.web.filter.SecurityFilter user try to access: admin Role: Administrator URL: subscription
2018-12-04 17:01:20 INFO  class by.training.task.web.filter.SecurityFilter user try to access: admin Role: Administrator URL: getAllPayment
2018-12-04 17:01:20 INFO  class by.training.task.web.filter.SecurityFilter user try to access: admin Role: Administrator URL: getAllPublication
2018-12-04 17:01:21 INFO  class by.training.task.web.filter.SecurityFilter user try to access: admin Role: Administrator URL: getAllSubscription
2018-12-04 17:01:21 INFO  class by.training.task.web.filter.SecurityFilter user try to access: admin Role: Administrator URL: getAllReader
2018-12-04 17:02:31 INFO  class by.training.task.web.filter.SecurityFilter user try to access: test Role: Reader URL: subscription
2018-12-04 17:02:34 INFO  class by.training.task.web.filter.SecurityFilter user try to access: test Role: Reader URL: getAllPublication
2018-12-04 17:02:34 INFO  class by.training.task.web.filter.SecurityFilter user try to access: test Role: Reader URL: getAllPayment
2018-12-04 17:02:35 INFO  class by.training.task.web.filter.SecurityFilter user try to access: test Role: Reader URL: getAllSubscription
2018-12-04 17:02:38 INFO  class by.training.task.web.filter.SecurityFilter user try to access: test Role: Reader URL: getAllReader
2018-12-04 17:02:49 INFO  class by.training.task.web.filter.SecurityFilter user try to access: test Role: Reader URL: getAllSubscription
2018-12-04 17:03:01 INFO  class by.training.task.web.filter.SecurityFilter user try to access: admin Role: Administrator URL: subscription
2018-12-04 17:03:01 INFO  class by.training.task.web.filter.SecurityFilter user try to access: admin Role: Administrator URL: getAllSubscription
2018-12-04 17:03:01 INFO  class by.training.task.web.filter.SecurityFilter user try to access: admin Role: Administrator URL: getAllPayment
2018-12-04 17:03:01 INFO  class by.training.task.web.filter.SecurityFilter user try to access: admin Role: Administrator URL: getAllReader
2018-12-04 17:03:01 INFO  class by.training.task.web.filter.SecurityFilter user try to access: admin Role: Administrator URL: getAllPublication
2018-12-04 17:04:26 INFO  class by.training.task.web.filter.SecurityFilter user try to access: admin Role: Administrator URL: subscription
2018-12-04 17:04:27 INFO  class by.training.task.web.filter.SecurityFilter user try to access: admin Role: Administrator URL: getAllSubscription
2018-12-04 17:04:27 INFO  class by.training.task.web.filter.SecurityFilter user try to access: admin Role: Administrator URL: getAllPayment
2018-12-04 17:04:27 INFO  class by.training.task.web.filter.SecurityFilter user try to access: admin Role: Administrator URL: getAllReader
2018-12-04 17:04:27 INFO  class by.training.task.web.filter.SecurityFilter user try to access: admin Role: Administrator URL: getAllPublication
2018-12-04 17:05:09 INFO  class by.training.task.web.config.SecurityConfig set security access strings
2018-12-04 17:05:09 INFO  class by.training.task.web.config.SecurityConfig set security access strings
2018-12-04 17:05:09 INFO  class by.training.task.web.config.SecurityConfig set security access strings
2018-12-04 17:05:13 INFO  class by.training.task.web.filter.SecurityFilter user try to access: admin Role: Administrator URL: subscription
2018-12-04 17:05:13 INFO  class by.training.task.web.filter.SecurityFilter user try to access: admin Role: Administrator URL: getAllSubscription
2018-12-04 17:05:13 INFO  class by.training.task.web.filter.SecurityFilter user try to access: admin Role: Administrator URL: getAllReader
2018-12-04 17:05:13 INFO  class by.training.task.web.filter.SecurityFilter user try to access: admin Role: Administrator URL: getAllPublication
2018-12-04 17:05:13 INFO  class by.training.task.web.filter.SecurityFilter user try to access: admin Role: Administrator URL: getAllPayment
2018-12-04 17:05:15 INFO  class by.training.task.web.filter.SecurityFilter user try to access: admin Role: Administrator URL: language
2018-12-04 17:05:19 INFO  class by.training.task.web.filter.SecurityFilter user try to access: admin Role: Administrator URL: language
2018-12-04 17:05:33 INFO  class by.training.task.web.filter.SecurityFilter user try to access: admin Role: Administrator URL: language
2018-12-04 17:12:17 INFO  class by.training.task.web.config.SecurityConfig set security access strings
2018-12-04 17:12:17 INFO  class by.training.task.web.config.SecurityConfig set security access strings
2018-12-04 17:12:17 INFO  class by.training.task.web.config.SecurityConfig set security access strings
2018-12-04 17:12:22 INFO  class by.training.task.web.filter.SecurityFilter user try to access: admin Role: Administrator URL: subscription
2018-12-04 17:12:23 INFO  class by.training.task.web.filter.SecurityFilter user try to access: admin Role: Administrator URL: getAllSubscription
2018-12-04 17:12:23 INFO  class by.training.task.web.filter.SecurityFilter user try to access: admin Role: Administrator URL: getAllReader
2018-12-04 17:12:23 INFO  class by.training.task.web.filter.SecurityFilter user try to access: admin Role: Administrator URL: getAllPayment
2018-12-04 17:12:23 INFO  class by.training.task.web.filter.SecurityFilter user try to access: admin Role: Administrator URL: getAllPublication
2018-12-04 17:12:25 INFO  class by.training.task.web.filter.SecurityFilter user try to access: admin Role: Administrator URL: language
2018-12-04 17:12:54 INFO  class by.training.task.web.config.SecurityConfig set security access strings
2018-12-04 17:12:54 INFO  class by.training.task.web.config.SecurityConfig set security access strings
2018-12-04 17:12:54 INFO  class by.training.task.web.config.SecurityConfig set security access strings
2018-12-04 17:12:57 INFO  class by.training.task.web.filter.SecurityFilter user try to access: admin Role: Administrator URL: subscription
2018-12-04 17:12:58 INFO  class by.training.task.web.filter.SecurityFilter user try to access: admin Role: Administrator URL: getAllSubscription
2018-12-04 17:12:58 INFO  class by.training.task.web.filter.SecurityFilter user try to access: admin Role: Administrator URL: getAllPayment
2018-12-04 17:12:58 INFO  class by.training.task.web.filter.SecurityFilter user try to access: admin Role: Administrator URL: getAllReader
2018-12-04 17:12:58 INFO  class by.training.task.web.filter.SecurityFilter user try to access: admin Role: Administrator URL: getAllPublication
2018-12-04 17:12:59 INFO  class by.training.task.web.filter.SecurityFilter user try to access: admin Role: Administrator URL: language
2018-12-04 17:12:59 INFO  class by.training.task.web.filter.SecurityFilter user try to access: admin Role: Administrator URL: getAllLanguage
2018-12-04 17:13:00 INFO  class by.training.task.web.filter.SecurityFilter user try to access: admin Role: Administrator URL: getLanguage
2018-12-04 17:13:01 INFO  class by.training.task.web.filter.SecurityFilter user try to access: admin Role: Administrator URL: getLanguage
2018-12-04 17:13:02 INFO  class by.training.task.web.filter.SecurityFilter user try to access: admin Role: Administrator URL: getLanguage
2018-12-04 17:13:03 INFO  class by.training.task.web.filter.SecurityFilter user try to access: admin Role: Administrator URL: getLanguage
2018-12-04 17:13:03 INFO  class by.training.task.web.filter.SecurityFilter user try to access: admin Role: Administrator URL: getLanguage
2018-12-04 17:13:04 INFO  class by.training.task.web.filter.SecurityFilter user try to access: admin Role: Administrator URL: getLanguage
2018-12-04 17:13:06 INFO  class by.training.task.web.filter.SecurityFilter user try to access: admin Role: Administrator URL: getLanguage
2018-12-04 17:13:07 INFO  class by.training.task.web.filter.SecurityFilter user try to access: admin Role: Administrator URL: getLanguage
2018-12-04 17:13:08 INFO  class by.training.task.web.filter.SecurityFilter user try to access: admin Role: Administrator URL: getLanguage
2018-12-04 17:13:09 INFO  class by.training.task.web.filter.SecurityFilter user try to access: admin Role: Administrator URL: getLanguage
2018-12-04 17:14:14 INFO  class by.training.task.web.config.SecurityConfig set security access strings
2018-12-04 17:14:14 INFO  class by.training.task.web.config.SecurityConfig set security access strings
2018-12-04 17:14:14 INFO  class by.training.task.web.config.SecurityConfig set security access strings
2018-12-04 17:14:17 INFO  class by.training.task.web.filter.SecurityFilter user try to access: admin Role: Administrator URL: subscription
2018-12-04 17:14:18 INFO  class by.training.task.web.filter.SecurityFilter user try to access: admin Role: Administrator URL: getAllReader
2018-12-04 17:14:18 INFO  class by.training.task.web.filter.SecurityFilter user try to access: admin Role: Administrator URL: getAllSubscription
2018-12-04 17:14:18 INFO  class by.training.task.web.filter.SecurityFilter user try to access: admin Role: Administrator URL: getAllPayment
2018-12-04 17:14:18 INFO  class by.training.task.web.filter.SecurityFilter user try to access: admin Role: Administrator URL: getAllPublication
2018-12-04 17:14:19 INFO  class by.training.task.web.filter.SecurityFilter user try to access: admin Role: Administrator URL: language
2018-12-04 17:14:19 INFO  class by.training.task.web.filter.SecurityFilter user try to access: admin Role: Administrator URL: getAllLanguage
2018-12-04 17:14:20 INFO  class by.training.task.web.filter.SecurityFilter user try to access: admin Role: Administrator URL: getLanguage
2018-12-04 17:14:21 INFO  class by.training.task.web.filter.SecurityFilter user try to access: admin Role: Administrator URL: getLanguage
2018-12-04 17:14:21 INFO  class by.training.task.web.filter.SecurityFilter user try to access: admin Role: Administrator URL: getLanguage
2018-12-04 17:14:22 INFO  class by.training.task.web.filter.SecurityFilter user try to access: admin Role: Administrator URL: getLanguage
2018-12-04 17:15:20 INFO  class by.training.task.web.config.SecurityConfig set security access strings
2018-12-04 17:15:20 INFO  class by.training.task.web.config.SecurityConfig set security access strings
2018-12-04 17:15:20 INFO  class by.training.task.web.config.SecurityConfig set security access strings
2018-12-04 17:15:46 INFO  class by.training.task.web.config.SecurityConfig set security access strings
2018-12-04 17:15:46 INFO  class by.training.task.web.config.SecurityConfig set security access strings
2018-12-04 17:15:46 INFO  class by.training.task.web.config.SecurityConfig set security access strings
2018-12-04 17:15:49 INFO  class by.training.task.web.filter.SecurityFilter user try to access: admin Role: Administrator URL: subscription
2018-12-04 17:15:50 INFO  class by.training.task.web.filter.SecurityFilter user try to access: admin Role: Administrator URL: getAllPayment
2018-12-04 17:15:50 INFO  class by.training.task.web.filter.SecurityFilter user try to access: admin Role: Administrator URL: getAllReader
2018-12-04 17:15:50 INFO  class by.training.task.web.filter.SecurityFilter user try to access: admin Role: Administrator URL: getAllSubscription
2018-12-04 17:15:50 INFO  class by.training.task.web.filter.SecurityFilter user try to access: admin Role: Administrator URL: getAllPublication
2018-12-04 17:15:50 INFO  class by.training.task.web.filter.SecurityFilter user try to access: admin Role: Administrator URL: language
2018-12-04 17:15:50 INFO  class by.training.task.web.filter.SecurityFilter user try to access: admin Role: Administrator URL: getAllLanguage
2018-12-04 17:15:51 INFO  class by.training.task.web.filter.SecurityFilter user try to access: admin Role: Administrator URL: admin
2018-12-04 17:15:51 INFO  class by.training.task.web.filter.SecurityFilter user try to access: admin Role: Administrator URL: getAllAdministrator
2018-12-04 17:15:53 INFO  class by.training.task.web.filter.SecurityFilter user try to access: admin Role: Administrator URL: getAdministrator
2018-12-04 17:15:58 INFO  class by.training.task.web.filter.SecurityFilter user try to access: admin Role: Administrator URL: addAdministrator
2018-12-04 17:15:58 INFO  class by.training.task.web.filter.SecurityFilter user try to access: admin Role: Administrator URL: getAllAdministrator
2018-12-04 17:15:59 INFO  class by.training.task.web.filter.SecurityFilter user try to access: admin Role: Administrator URL: getAdministrator
2018-12-04 17:16:00 INFO  class by.training.task.web.filter.SecurityFilter user try to access: admin Role: Administrator URL: getAdministrator
2018-12-04 17:16:00 INFO  class by.training.task.web.filter.SecurityFilter user try to access: admin Role: Administrator URL: getAdministrator
2018-12-04 17:30:57 INFO  class by.training.task.web.config.SecurityConfig set security access strings
2018-12-04 17:30:57 INFO  class by.training.task.web.config.SecurityConfig set security access strings
2018-12-04 17:30:57 INFO  class by.training.task.web.config.SecurityConfig set security access strings
2018-12-04 17:31:35 INFO  class by.training.task.web.config.SecurityConfig set security access strings
2018-12-04 17:31:35 INFO  class by.training.task.web.config.SecurityConfig set security access strings
2018-12-04 17:31:35 INFO  class by.training.task.web.config.SecurityConfig set security access strings
2018-12-04 17:34:06 INFO  class by.training.task.web.config.SecurityConfig set security access strings
2018-12-04 17:34:06 INFO  class by.training.task.web.config.SecurityConfig set security access strings
2018-12-04 17:34:06 INFO  class by.training.task.web.config.SecurityConfig set security access strings
2018-12-04 17:34:24 INFO  class by.training.task.web.config.SecurityConfig set security access strings
2018-12-04 17:34:24 INFO  class by.training.task.web.config.SecurityConfig set security access strings
2018-12-04 17:34:24 INFO  class by.training.task.web.config.SecurityConfig set security access strings
2018-12-04 17:35:15 INFO  class by.training.task.web.config.SecurityConfig set security access strings
2018-12-04 17:35:15 INFO  class by.training.task.web.config.SecurityConfig set security access strings
2018-12-04 17:35:15 INFO  class by.training.task.web.config.SecurityConfig set security access strings
2018-12-04 17:35:33 INFO  class by.training.task.web.config.SecurityConfig set security access strings
2018-12-04 17:35:33 INFO  class by.training.task.web.config.SecurityConfig set security access strings
2018-12-04 17:35:33 INFO  class by.training.task.web.config.SecurityConfig set security access strings
2018-12-04 17:36:53 INFO  class by.training.task.web.config.SecurityConfig set security access strings
2018-12-04 17:36:53 INFO  class by.training.task.web.config.SecurityConfig set security access strings
2018-12-04 17:36:53 INFO  class by.training.task.web.config.SecurityConfig set security access strings
2018-12-04 17:37:26 INFO  class by.training.task.web.config.SecurityConfig set security access strings
2018-12-04 17:37:26 INFO  class by.training.task.web.config.SecurityConfig set security access strings
2018-12-04 17:37:26 INFO  class by.training.task.web.config.SecurityConfig set security access strings
2018-12-04 17:37:59 INFO  class by.training.task.web.config.SecurityConfig set security access strings
2018-12-04 17:37:59 INFO  class by.training.task.web.config.SecurityConfig set security access strings
2018-12-04 17:37:59 INFO  class by.training.task.web.config.SecurityConfig set security access strings
2018-12-04 17:38:03 INFO  class by.training.task.web.filter.SecurityFilter user try to access: admin Role: Administrator URL: subscription
2018-12-04 17:38:03 INFO  class by.training.task.web.filter.SecurityFilter user try to access: admin Role: Administrator URL: getAllPublication
2018-12-04 17:38:03 INFO  class by.training.task.web.filter.SecurityFilter user try to access: admin Role: Administrator URL: getAllSubscription
2018-12-04 17:38:03 INFO  class by.training.task.web.filter.SecurityFilter user try to access: admin Role: Administrator URL: getAllPayment
2018-12-04 17:38:03 INFO  class by.training.task.web.filter.SecurityFilter user try to access: admin Role: Administrator URL: getAllReader
2018-12-04 18:08:17 INFO  class by.training.task.web.config.SecurityConfig set security access strings
2018-12-04 18:08:17 INFO  class by.training.task.web.config.SecurityConfig set security access strings
2018-12-04 18:08:17 INFO  class by.training.task.web.config.SecurityConfig set security access strings
2018-12-04 18:08:20 INFO  class by.training.task.web.filter.SecurityFilter user try to access: admin Role: Administrator URL: subscription
2018-12-04 18:08:20 INFO  class by.training.task.web.filter.SecurityFilter user try to access: admin Role: Administrator URL: getAllSubscription
2018-12-04 18:08:20 INFO  class by.training.task.web.filter.SecurityFilter user try to access: admin Role: Administrator URL: getAllReader
2018-12-04 18:08:20 INFO  class by.training.task.web.filter.SecurityFilter user try to access: admin Role: Administrator URL: getAllPayment
2018-12-04 18:08:20 INFO  class by.training.task.web.filter.SecurityFilter user try to access: admin Role: Administrator URL: getAllPublication
2018-12-04 18:08:23 INFO  class by.training.task.web.filter.SecurityFilter user try to access: admin Role: Administrator URL: getAllSubscription
2018-12-04 18:08:25 INFO  class by.training.task.web.filter.SecurityFilter user try to access: admin Role: Administrator URL: getSubscription
2018-12-04 18:08:25 INFO  class by.training.task.web.filter.SecurityFilter user try to access: admin Role: Administrator URL: getSubscription
2018-12-04 18:08:26 INFO  class by.training.task.web.filter.SecurityFilter user try to access: admin Role: Administrator URL: getSubscription
2018-12-04 18:08:27 INFO  class by.training.task.web.filter.SecurityFilter user try to access: admin Role: Administrator URL: getSubscription
2018-12-04 18:08:28 INFO  class by.training.task.web.filter.SecurityFilter user try to access: admin Role: Administrator URL: reader
2018-12-04 18:08:28 INFO  class by.training.task.web.filter.SecurityFilter user try to access: admin Role: Administrator URL: getAllReader
2018-12-04 18:08:29 INFO  class by.training.task.web.filter.SecurityFilter user try to access: admin Role: Administrator URL: publication
2018-12-04 18:08:29 INFO  class by.training.task.web.filter.SecurityFilter user try to access: admin Role: Administrator URL: getAllPublication
2018-12-04 18:08:29 INFO  class by.training.task.web.filter.SecurityFilter user try to access: admin Role: Administrator URL: getAllLanguage
2018-12-04 18:08:30 INFO  class by.training.task.web.filter.SecurityFilter user try to access: admin Role: Administrator URL: payment
2018-12-04 18:08:30 INFO  class by.training.task.web.filter.SecurityFilter user try to access: admin Role: Administrator URL: getAllPayment
2018-12-04 18:08:32 INFO  class by.training.task.web.filter.SecurityFilter user try to access: admin Role: Administrator URL: language
2018-12-04 18:08:32 INFO  class by.training.task.web.filter.SecurityFilter user try to access: admin Role: Administrator URL: getAllLanguage
2018-12-04 18:08:33 INFO  class by.training.task.web.filter.SecurityFilter user try to access: admin Role: Administrator URL: admin
2018-12-04 18:08:33 INFO  class by.training.task.web.filter.SecurityFilter user try to access: admin Role: Administrator URL: getAllAdministrator
2018-12-04 18:08:34 INFO  class by.training.task.web.filter.SecurityFilter user try to access: admin Role: Administrator URL: subscription
2018-12-04 18:08:34 INFO  class by.training.task.web.filter.SecurityFilter user try to access: admin Role: Administrator URL: getAllPayment
2018-12-04 18:08:34 INFO  class by.training.task.web.filter.SecurityFilter user try to access: admin Role: Administrator URL: getAllSubscription
2018-12-04 18:08:34 INFO  class by.training.task.web.filter.SecurityFilter user try to access: admin Role: Administrator URL: getAllReader
2018-12-04 18:08:34 INFO  class by.training.task.web.filter.SecurityFilter user try to access: admin Role: Administrator URL: getAllPublication
2018-12-04 18:08:36 INFO  class by.training.task.web.filter.SecurityFilter user try to access: admin Role: Administrator URL: reader
2018-12-04 18:08:36 INFO  class by.training.task.web.filter.SecurityFilter user try to access: admin Role: Administrator URL: getAllReader
2018-12-04 18:08:37 INFO  class by.training.task.web.filter.SecurityFilter user try to access: admin Role: Administrator URL: payment
2018-12-04 18:08:37 INFO  class by.training.task.web.filter.SecurityFilter user try to access: admin Role: Administrator URL: getAllPayment
2018-12-04 18:08:39 INFO  class by.training.task.web.filter.SecurityFilter user try to access: admin Role: Administrator URL: language
2018-12-04 18:08:39 INFO  class by.training.task.web.filter.SecurityFilter user try to access: admin Role: Administrator URL: getAllLanguage
2018-12-04 18:08:40 INFO  class by.training.task.web.filter.SecurityFilter user try to access: admin Role: Administrator URL: getLanguage
2018-12-04 18:08:41 INFO  class by.training.task.web.filter.SecurityFilter user try to access: admin Role: Administrator URL: addLanguage
2018-12-04 18:08:41 INFO  class by.training.task.web.filter.SecurityFilter user try to access: admin Role: Administrator URL: getAllLanguage
2018-12-04 18:08:42 INFO  class by.training.task.web.filter.SecurityFilter user try to access: admin Role: Administrator URL: getLanguage
2018-12-04 18:08:46 INFO  class by.training.task.web.filter.SecurityFilter user try to access: admin Role: Administrator URL: editLanguage
2018-12-04 18:08:46 INFO  class by.training.task.web.filter.SecurityFilter user try to access: admin Role: Administrator URL: getAllLanguage
2018-12-04 18:08:47 INFO  class by.training.task.web.filter.SecurityFilter user try to access: admin Role: Administrator URL: getLanguage
2018-12-04 18:08:48 INFO  class by.training.task.web.filter.SecurityFilter user try to access: admin Role: Administrator URL: deleteLanguage
2018-12-04 18:08:48 INFO  class by.training.task.web.filter.SecurityFilter user try to access: admin Role: Administrator URL: getAllLanguage
2018-12-04 18:08:50 INFO  class by.training.task.web.filter.SecurityFilter user try to access: admin Role: Administrator URL: getLanguage
2018-12-04 18:08:54 INFO  class by.training.task.web.filter.SecurityFilter user try to access: admin Role: Administrator URL: addLanguage
2018-12-04 18:08:54 INFO  class by.training.task.web.filter.SecurityFilter user try to access: admin Role: Administrator URL: getAllLanguage
2018-12-04 18:09:05 INFO  class by.training.task.web.filter.SecurityFilter user try to access: admin Role: Administrator URL: addLanguage
2018-12-04 18:09:05 INFO  class by.training.task.web.filter.SecurityFilter user try to access: admin Role: Administrator URL: getAllLanguage
2018-12-04 18:09:06 INFO  class by.training.task.web.filter.SecurityFilter user try to access: admin Role: Administrator URL: getLanguage
2018-12-04 18:09:09 INFO  class by.training.task.web.filter.SecurityFilter user try to access: admin Role: Administrator URL: deleteLanguage
2018-12-04 18:09:09 INFO  class by.training.task.web.filter.SecurityFilter user try to access: admin Role: Administrator URL: getAllLanguage
2018-12-04 18:10:37 INFO  class by.training.task.web.filter.SecurityFilter user try to access: admin Role: Administrator URL: admin
2018-12-04 18:10:37 INFO  class by.training.task.web.filter.SecurityFilter user try to access: admin Role: Administrator URL: getAllAdministrator
2018-12-04 18:10:38 INFO  class by.training.task.web.filter.SecurityFilter user try to access: admin Role: Administrator URL: getAdministrator
2018-12-04 18:10:42 INFO  class by.training.task.web.filter.SecurityFilter user try to access: admin Role: Administrator URL: editAdministrator
2018-12-04 18:10:42 INFO  class by.training.task.web.filter.SecurityFilter user try to access: admin Role: Administrator URL: getAllAdministrator
2018-12-04 18:10:43 INFO  class by.training.task.web.filter.SecurityFilter user try to access: admin Role: Administrator URL: getAdministrator
2018-12-04 18:10:44 INFO  class by.training.task.web.filter.SecurityFilter user try to access: admin Role: Administrator URL: addAdministrator
2018-12-04 18:10:44 INFO  class by.training.task.web.filter.SecurityFilter user try to access: admin Role: Administrator URL: getAllAdministrator
2018-12-04 18:10:45 INFO  class by.training.task.web.filter.SecurityFilter user try to access: admin Role: Administrator URL: getAdministrator
2018-12-04 18:10:46 INFO  class by.training.task.web.filter.SecurityFilter user try to access: admin Role: Administrator URL: deleteAdministrator
2018-12-04 18:10:46 INFO  class by.training.task.web.filter.SecurityFilter user try to access: admin Role: Administrator URL: getAllAdministrator
2018-12-04 18:10:46 INFO  class by.training.task.web.filter.SecurityFilter user try to access: admin Role: Administrator URL: getAdministrator
2018-12-04 18:10:52 INFO  class by.training.task.web.filter.SecurityFilter user try to access: admin Role: Administrator URL: addAdministrator
2018-12-04 18:10:52 INFO  class by.training.task.web.filter.SecurityFilter user try to access: admin Role: Administrator URL: getAllAdministrator
2018-12-04 18:11:00 INFO  class by.training.task.web.filter.SecurityFilter user try to access: FNtocik Role: Administrator URL: subscription
2018-12-04 18:11:00 INFO  class by.training.task.web.filter.SecurityFilter user try to access: FNtocik Role: Administrator URL: getAllSubscription
2018-12-04 18:11:00 INFO  class by.training.task.web.filter.SecurityFilter user try to access: FNtocik Role: Administrator URL: getAllReader
2018-12-04 18:11:00 INFO  class by.training.task.web.filter.SecurityFilter user try to access: FNtocik Role: Administrator URL: getAllPayment
2018-12-04 18:11:00 INFO  class by.training.task.web.filter.SecurityFilter user try to access: FNtocik Role: Administrator URL: getAllPublication
2018-12-04 18:11:02 INFO  class by.training.task.web.filter.SecurityFilter user try to access: FNtocik Role: Administrator URL: admin
2018-12-04 18:11:02 INFO  class by.training.task.web.filter.SecurityFilter user try to access: FNtocik Role: Administrator URL: getAllAdministrator
2018-12-04 18:11:33 INFO  class by.training.task.web.filter.SecurityFilter user try to access: admin Role: Administrator URL: subscription
2018-12-04 18:11:33 INFO  class by.training.task.web.filter.SecurityFilter user try to access: admin Role: Administrator URL: getAllSubscription
2018-12-04 18:11:33 INFO  class by.training.task.web.filter.SecurityFilter user try to access: admin Role: Administrator URL: getAllReader
2018-12-04 18:11:33 INFO  class by.training.task.web.filter.SecurityFilter user try to access: admin Role: Administrator URL: getAllPayment
2018-12-04 18:11:33 INFO  class by.training.task.web.filter.SecurityFilter user try to access: admin Role: Administrator URL: getAllPublication
2018-12-04 18:11:34 INFO  class by.training.task.web.filter.SecurityFilter user try to access: admin Role: Administrator URL: payment
2018-12-04 18:11:35 INFO  class by.training.task.web.filter.SecurityFilter user try to access: admin Role: Administrator URL: getAllPayment
2018-12-04 18:11:35 INFO  class by.training.task.web.filter.SecurityFilter user try to access: admin Role: Administrator URL: getPayment
2018-12-04 18:11:39 INFO  class by.training.task.web.filter.SecurityFilter user try to access: admin Role: Administrator URL: addPayment
2018-12-04 18:11:39 INFO  class by.training.task.web.filter.SecurityFilter user try to access: admin Role: Administrator URL: getAllPayment
2018-12-04 18:11:40 INFO  class by.training.task.web.filter.SecurityFilter user try to access: admin Role: Administrator URL: getPayment
2018-12-04 18:11:44 INFO  class by.training.task.web.filter.SecurityFilter user try to access: admin Role: Administrator URL: addPayment
2018-12-04 18:11:44 INFO  class by.training.task.web.filter.SecurityFilter user try to access: admin Role: Administrator URL: getAllPayment
2018-12-04 18:11:45 INFO  class by.training.task.web.filter.SecurityFilter user try to access: admin Role: Administrator URL: getPayment
2018-12-04 18:11:48 INFO  class by.training.task.web.filter.SecurityFilter user try to access: admin Role: Administrator URL: addPayment
2018-12-04 18:11:48 INFO  class by.training.task.web.filter.SecurityFilter user try to access: admin Role: Administrator URL: getAllPayment
2018-12-04 18:11:49 INFO  class by.training.task.web.filter.SecurityFilter user try to access: admin Role: Administrator URL: getPayment
2018-12-04 18:11:53 INFO  class by.training.task.web.filter.SecurityFilter user try to access: admin Role: Administrator URL: addPayment
2018-12-04 18:11:54 INFO  class by.training.task.web.filter.SecurityFilter user try to access: admin Role: Administrator URL: getAllPayment
2018-12-04 18:11:56 INFO  class by.training.task.web.filter.SecurityFilter user try to access: admin Role: Administrator URL: addPayment
2018-12-04 18:11:56 INFO  class by.training.task.web.filter.SecurityFilter user try to access: admin Role: Administrator URL: getAllPayment
2018-12-04 18:11:58 INFO  class by.training.task.web.filter.SecurityFilter user try to access: admin Role: Administrator URL: addPayment
2018-12-04 18:11:58 INFO  class by.training.task.web.filter.SecurityFilter user try to access: admin Role: Administrator URL: getAllPayment
2018-12-04 18:12:03 INFO  class by.training.task.web.filter.SecurityFilter user try to access: admin Role: Administrator URL: addPayment
2018-12-04 18:12:03 INFO  class by.training.task.web.filter.SecurityFilter user try to access: admin Role: Administrator URL: getAllPayment
2018-12-04 18:12:04 INFO  class by.training.task.web.filter.SecurityFilter user try to access: admin Role: Administrator URL: getAllPayment
2018-12-04 18:12:06 INFO  class by.training.task.web.filter.SecurityFilter user try to access: admin Role: Administrator URL: getAllPayment
2018-12-04 18:12:10 INFO  class by.training.task.web.filter.SecurityFilter user try to access: admin Role: Administrator URL: addPayment
2018-12-04 18:12:10 INFO  class by.training.task.web.filter.SecurityFilter user try to access: admin Role: Administrator URL: getAllPayment
2018-12-04 18:12:12 INFO  class by.training.task.web.filter.SecurityFilter user try to access: admin Role: Administrator URL: addPayment
2018-12-04 18:12:13 INFO  class by.training.task.web.filter.SecurityFilter user try to access: admin Role: Administrator URL: getAllPayment
2018-12-04 18:12:13 INFO  class by.training.task.web.filter.SecurityFilter user try to access: admin Role: Administrator URL: getAllPayment
2018-12-04 18:12:15 INFO  class by.training.task.web.filter.SecurityFilter user try to access: admin Role: Administrator URL: getAllPayment
2018-12-04 18:12:18 INFO  class by.training.task.web.filter.SecurityFilter user try to access: admin Role: Administrator URL: getAllPayment
2018-12-04 18:12:19 INFO  class by.training.task.web.filter.SecurityFilter user try to access: admin Role: Administrator URL: getAllPayment
2018-12-04 18:12:20 INFO  class by.training.task.web.filter.SecurityFilter user try to access: admin Role: Administrator URL: getAllPayment
2018-12-04 18:12:21 INFO  class by.training.task.web.filter.SecurityFilter user try to access: admin Role: Administrator URL: getAllPayment
2018-12-04 18:12:22 INFO  class by.training.task.web.filter.SecurityFilter user try to access: admin Role: Administrator URL: getAllPayment
2018-12-05 14:55:16 INFO  class by.training.task.web.config.SecurityConfig set security access strings
2018-12-05 14:55:16 INFO  class by.training.task.web.config.SecurityConfig set security access strings
2018-12-05 14:55:16 INFO  class by.training.task.web.config.SecurityConfig set security access strings
2018-12-05 14:55:21 INFO  class by.training.task.web.filter.SecurityFilter user try to access: admin Role: Administrator URL: subscription
2018-12-05 14:55:21 INFO  class by.training.task.web.filter.SecurityFilter user try to access: admin Role: Administrator URL: getAllSubscription
2018-12-05 14:55:21 INFO  class by.training.task.web.filter.SecurityFilter user try to access: admin Role: Administrator URL: getAllReader
2018-12-05 14:55:21 INFO  class by.training.task.web.filter.SecurityFilter user try to access: admin Role: Administrator URL: getAllPayment
2018-12-05 14:55:21 INFO  class by.training.task.web.filter.SecurityFilter user try to access: admin Role: Administrator URL: getAllPublication
2018-12-05 14:56:01 INFO  class by.training.task.web.config.SecurityConfig set security access strings
2018-12-05 14:56:01 INFO  class by.training.task.web.config.SecurityConfig set security access strings
2018-12-05 14:56:01 INFO  class by.training.task.web.config.SecurityConfig set security access strings
2018-12-05 14:56:06 INFO  class by.training.task.web.filter.SecurityFilter user try to access: admin Role: Administrator URL: subscription
2018-12-05 14:56:07 INFO  class by.training.task.web.filter.SecurityFilter user try to access: admin Role: Administrator URL: getAllReader
2018-12-05 14:56:07 INFO  class by.training.task.web.filter.SecurityFilter user try to access: admin Role: Administrator URL: getAllPublication
2018-12-05 14:56:07 INFO  class by.training.task.web.filter.SecurityFilter user try to access: admin Role: Administrator URL: getAllPayment
2018-12-05 14:56:07 INFO  class by.training.task.web.filter.SecurityFilter user try to access: admin Role: Administrator URL: getAllSubscription
2018-12-05 14:56:14 INFO  class by.training.task.web.filter.SecurityFilter user try to access: admin Role: Administrator URL: getAllSubscription
2018-12-05 15:08:34 INFO  class by.training.task.web.config.SecurityConfig set security access strings
2018-12-05 15:08:34 INFO  class by.training.task.web.config.SecurityConfig set security access strings
2018-12-05 15:08:34 INFO  class by.training.task.web.config.SecurityConfig set security access strings
2018-12-05 15:08:44 INFO  class by.training.task.web.filter.SecurityFilter user try to access: admin Role: Administrator URL: subscription
2018-12-05 15:08:44 INFO  class by.training.task.web.filter.SecurityFilter user try to access: admin Role: Administrator URL: getAllSubscription
2018-12-05 15:08:44 INFO  class by.training.task.web.filter.SecurityFilter user try to access: admin Role: Administrator URL: getAllReader
2018-12-05 15:08:44 INFO  class by.training.task.web.filter.SecurityFilter user try to access: admin Role: Administrator URL: getAllPayment
2018-12-05 15:08:44 INFO  class by.training.task.web.filter.SecurityFilter user try to access: admin Role: Administrator URL: getAllPublication
2018-12-05 15:08:46 INFO  class by.training.task.web.filter.SecurityFilter user try to access: admin Role: Administrator URL: payment
2018-12-05 15:08:46 INFO  class by.training.task.web.filter.SecurityFilter user try to access: admin Role: Administrator URL: getAllPayment
2018-12-05 15:08:48 INFO  class by.training.task.web.filter.SecurityFilter user try to access: admin Role: Administrator URL: getAllPayment
2018-12-05 15:08:49 INFO  class by.training.task.web.filter.SecurityFilter user try to access: admin Role: Administrator URL: getAllPayment
2018-12-05 15:08:50 INFO  class by.training.task.web.filter.SecurityFilter user try to access: admin Role: Administrator URL: getAllPayment
2018-12-05 15:08:51 INFO  class by.training.task.web.filter.SecurityFilter user try to access: admin Role: Administrator URL: getAllPayment
2018-12-05 15:08:53 INFO  class by.training.task.web.filter.SecurityFilter user try to access: admin Role: Administrator URL: getAllPayment
2018-12-05 15:08:54 INFO  class by.training.task.web.filter.SecurityFilter user try to access: admin Role: Administrator URL: getAllPayment
2018-12-05 15:08:56 INFO  class by.training.task.web.filter.SecurityFilter user try to access: admin Role: Administrator URL: getAllPayment
2018-12-05 15:08:56 INFO  class by.training.task.web.filter.SecurityFilter user try to access: admin Role: Administrator URL: getAllPayment
2018-12-05 15:09:35 INFO  class by.training.task.web.config.SecurityConfig set security access strings
2018-12-05 15:09:35 INFO  class by.training.task.web.config.SecurityConfig set security access strings
2018-12-05 15:09:35 INFO  class by.training.task.web.config.SecurityConfig set security access strings
2018-12-05 15:09:38 INFO  class by.training.task.web.filter.SecurityFilter user try to access: admin Role: Administrator URL: subscription
2018-12-05 15:09:38 INFO  class by.training.task.web.filter.SecurityFilter user try to access: admin Role: Administrator URL: getAllReader
2018-12-05 15:09:38 INFO  class by.training.task.web.filter.SecurityFilter user try to access: admin Role: Administrator URL: getAllSubscription
2018-12-05 15:09:38 INFO  class by.training.task.web.filter.SecurityFilter user try to access: admin Role: Administrator URL: getAllPayment
2018-12-05 15:09:38 INFO  class by.training.task.web.filter.SecurityFilter user try to access: admin Role: Administrator URL: getAllPublication
2018-12-05 15:09:40 INFO  class by.training.task.web.filter.SecurityFilter user try to access: admin Role: Administrator URL: payment
2018-12-05 15:09:40 INFO  class by.training.task.web.filter.SecurityFilter user try to access: admin Role: Administrator URL: getAllPayment
2018-12-05 15:09:41 INFO  class by.training.task.web.filter.SecurityFilter user try to access: admin Role: Administrator URL: getAllPayment
2018-12-05 15:09:43 INFO  class by.training.task.web.filter.SecurityFilter user try to access: admin Role: Administrator URL: getAllPayment
2018-12-05 15:09:45 INFO  class by.training.task.web.filter.SecurityFilter user try to access: admin Role: Administrator URL: getAllPayment
2018-12-05 15:09:48 INFO  class by.training.task.web.filter.SecurityFilter user try to access: admin Role: Administrator URL: getAllPayment
2018-12-05 15:09:50 INFO  class by.training.task.web.filter.SecurityFilter user try to access: admin Role: Administrator URL: getAllPayment
2018-12-05 15:09:51 INFO  class by.training.task.web.filter.SecurityFilter user try to access: admin Role: Administrator URL: getAllPayment
2018-12-05 15:09:52 INFO  class by.training.task.web.filter.SecurityFilter user try to access: admin Role: Administrator URL: admin
2018-12-05 15:09:52 INFO  class by.training.task.web.filter.SecurityFilter user try to access: admin Role: Administrator URL: getAllAdministrator
2018-12-05 15:09:53 INFO  class by.training.task.web.filter.SecurityFilter user try to access: admin Role: Administrator URL: language
2018-12-05 15:09:53 INFO  class by.training.task.web.filter.SecurityFilter user try to access: admin Role: Administrator URL: getAllLanguage
2018-12-05 15:09:53 INFO  class by.training.task.web.filter.SecurityFilter user try to access: admin Role: Administrator URL: payment
2018-12-05 15:09:53 INFO  class by.training.task.web.filter.SecurityFilter user try to access: admin Role: Administrator URL: getAllPayment
2018-12-05 15:09:54 INFO  class by.training.task.web.filter.SecurityFilter user try to access: admin Role: Administrator URL: reader
2018-12-05 15:09:54 INFO  class by.training.task.web.filter.SecurityFilter user try to access: admin Role: Administrator URL: getAllReader
2018-12-05 15:09:55 INFO  class by.training.task.web.filter.SecurityFilter user try to access: admin Role: Administrator URL: publication
2018-12-05 15:09:55 INFO  class by.training.task.web.filter.SecurityFilter user try to access: admin Role: Administrator URL: getAllPublication
2018-12-05 15:09:55 INFO  class by.training.task.web.filter.SecurityFilter user try to access: admin Role: Administrator URL: getAllLanguage
2018-12-05 15:09:58 INFO  class by.training.task.web.filter.SecurityFilter user try to access: admin Role: Administrator URL: subscription
2018-12-05 15:09:58 INFO  class by.training.task.web.filter.SecurityFilter user try to access: admin Role: Administrator URL: getAllSubscription
2018-12-05 15:09:58 INFO  class by.training.task.web.filter.SecurityFilter user try to access: admin Role: Administrator URL: getAllReader
2018-12-05 15:09:58 INFO  class by.training.task.web.filter.SecurityFilter user try to access: admin Role: Administrator URL: getAllPayment
2018-12-05 15:09:58 INFO  class by.training.task.web.filter.SecurityFilter user try to access: admin Role: Administrator URL: getAllPublication
2018-12-05 15:09:59 INFO  class by.training.task.web.filter.SecurityFilter user try to access: admin Role: Administrator URL: publication
2018-12-05 15:09:59 INFO  class by.training.task.web.filter.SecurityFilter user try to access: admin Role: Administrator URL: getAllPublication
2018-12-05 15:09:59 INFO  class by.training.task.web.filter.SecurityFilter user try to access: admin Role: Administrator URL: getAllLanguage
2018-12-05 15:09:59 INFO  class by.training.task.web.filter.SecurityFilter user try to access: admin Role: Administrator URL: subscription
2018-12-05 15:10:00 INFO  class by.training.task.web.filter.SecurityFilter user try to access: admin Role: Administrator URL: getAllReader
2018-12-05 15:10:00 INFO  class by.training.task.web.filter.SecurityFilter user try to access: admin Role: Administrator URL: getAllPayment
2018-12-05 15:10:00 INFO  class by.training.task.web.filter.SecurityFilter user try to access: admin Role: Administrator URL: getAllSubscription
2018-12-05 15:10:00 INFO  class by.training.task.web.filter.SecurityFilter user try to access: admin Role: Administrator URL: getAllPublication
2018-12-06 11:04:52 INFO  class by.training.task.web.config.SecurityConfig set security access strings
2018-12-06 11:04:52 INFO  class by.training.task.web.config.SecurityConfig set security access strings
2018-12-06 11:04:52 INFO  class by.training.task.web.config.SecurityConfig set security access strings
2018-12-06 11:04:56 INFO  class by.training.task.web.filter.SecurityFilter user try to access: admin Role: Administrator URL: subscription
2018-12-06 11:04:56 INFO  class by.training.task.web.filter.SecurityFilter user try to access: admin Role: Administrator URL: getAllPayment
2018-12-06 11:04:56 INFO  class by.training.task.web.filter.SecurityFilter user try to access: admin Role: Administrator URL: getAllSubscription
2018-12-06 11:04:56 INFO  class by.training.task.web.filter.SecurityFilter user try to access: admin Role: Administrator URL: getAllReader
2018-12-06 11:04:56 INFO  class by.training.task.web.filter.SecurityFilter user try to access: admin Role: Administrator URL: getAllPublication
2018-12-06 11:05:05 INFO  class by.training.task.web.filter.SecurityFilter user try to access: admin Role: Administrator URL: language
2018-12-06 11:05:05 INFO  class by.training.task.web.filter.SecurityFilter user try to access: admin Role: Administrator URL: getAllLanguage
2018-12-06 11:05:08 INFO  class by.training.task.web.filter.SecurityFilter user try to access: admin Role: Administrator URL: payment
2018-12-06 11:05:08 INFO  class by.training.task.web.filter.SecurityFilter user try to access: admin Role: Administrator URL: getAllPayment
2018-12-06 11:05:10 INFO  class by.training.task.web.filter.SecurityFilter user try to access: admin Role: Administrator URL: getAllPayment
2018-12-06 11:05:14 INFO  class by.training.task.web.filter.SecurityFilter user try to access: admin Role: Administrator URL: getAllPayment
2018-12-06 11:05:31 INFO  class by.training.task.web.filter.SecurityFilter user try to access: admin Role: Administrator URL: getAllPayment
2018-12-06 11:05:32 INFO  class by.training.task.web.filter.SecurityFilter user try to access: admin Role: Administrator URL: getAllPayment
2018-12-06 11:05:45 INFO  class by.training.task.web.filter.SecurityFilter user try to access: admin Role: Administrator URL: getAllPayment
2018-12-06 11:05:48 INFO  class by.training.task.web.filter.SecurityFilter user try to access: admin Role: Administrator URL: payment
2018-12-06 11:05:48 INFO  class by.training.task.web.filter.SecurityFilter user try to access: admin Role: Administrator URL: getAllPayment
2018-12-06 11:05:49 INFO  class by.training.task.web.filter.SecurityFilter user try to access: admin Role: Administrator URL: payment
2018-12-06 11:05:49 INFO  class by.training.task.web.filter.SecurityFilter user try to access: admin Role: Administrator URL: getAllPayment
2018-12-06 11:05:50 INFO  class by.training.task.web.filter.SecurityFilter user try to access: admin Role: Administrator URL: payment
2018-12-06 11:05:50 INFO  class by.training.task.web.filter.SecurityFilter user try to access: admin Role: Administrator URL: getAllPayment
2018-12-06 11:05:50 INFO  class by.training.task.web.filter.SecurityFilter user try to access: admin Role: Administrator URL: payment
2018-12-06 11:05:51 INFO  class by.training.task.web.filter.SecurityFilter user try to access: admin Role: Administrator URL: getAllPayment
2018-12-06 11:05:51 INFO  class by.training.task.web.filter.SecurityFilter user try to access: admin Role: Administrator URL: payment
2018-12-06 11:05:51 INFO  class by.training.task.web.filter.SecurityFilter user try to access: admin Role: Administrator URL: getAllPayment
2018-12-06 11:05:52 INFO  class by.training.task.web.filter.SecurityFilter user try to access: admin Role: Administrator URL: payment
2018-12-06 11:05:52 INFO  class by.training.task.web.filter.SecurityFilter user try to access: admin Role: Administrator URL: getAllPayment
2018-12-06 11:05:53 INFO  class by.training.task.web.filter.SecurityFilter user try to access: admin Role: Administrator URL: payment
2018-12-06 11:05:53 INFO  class by.training.task.web.filter.SecurityFilter user try to access: admin Role: Administrator URL: getAllPayment
2018-12-06 11:05:54 INFO  class by.training.task.web.filter.SecurityFilter user try to access: admin Role: Administrator URL: payment
2018-12-06 11:05:54 INFO  class by.training.task.web.filter.SecurityFilter user try to access: admin Role: Administrator URL: getAllPayment
2018-12-06 11:05:55 INFO  class by.training.task.web.filter.SecurityFilter user try to access: admin Role: Administrator URL: payment
2018-12-06 11:05:55 INFO  class by.training.task.web.filter.SecurityFilter user try to access: admin Role: Administrator URL: getAllPayment
2018-12-06 11:05:55 INFO  class by.training.task.web.filter.SecurityFilter user try to access: admin Role: Administrator URL: payment
2018-12-06 11:05:55 INFO  class by.training.task.web.filter.SecurityFilter user try to access: admin Role: Administrator URL: getAllPayment
2018-12-06 11:05:56 INFO  class by.training.task.web.filter.SecurityFilter user try to access: admin Role: Administrator URL: payment
2018-12-06 11:05:56 INFO  class by.training.task.web.filter.SecurityFilter user try to access: admin Role: Administrator URL: getAllPayment
2018-12-06 11:05:57 INFO  class by.training.task.web.filter.SecurityFilter user try to access: admin Role: Administrator URL: payment
2018-12-06 11:05:57 INFO  class by.training.task.web.filter.SecurityFilter user try to access: admin Role: Administrator URL: getAllPayment
2018-12-06 11:05:58 INFO  class by.training.task.web.filter.SecurityFilter user try to access: admin Role: Administrator URL: payment
2018-12-06 11:05:58 INFO  class by.training.task.web.filter.SecurityFilter user try to access: admin Role: Administrator URL: getAllPayment
2018-12-06 11:05:59 INFO  class by.training.task.web.filter.SecurityFilter user try to access: admin Role: Administrator URL: getPayment
2018-12-06 11:06:00 INFO  class by.training.task.web.filter.SecurityFilter user try to access: admin Role: Administrator URL: payment
2018-12-06 11:06:00 INFO  class by.training.task.web.filter.SecurityFilter user try to access: admin Role: Administrator URL: getAllPayment
2018-12-06 11:06:03 INFO  class by.training.task.web.filter.SecurityFilter user try to access: admin Role: Administrator URL: getPayment
2018-12-06 11:06:04 INFO  class by.training.task.web.filter.SecurityFilter user try to access: admin Role: Administrator URL: payment
2018-12-06 11:06:04 INFO  class by.training.task.web.filter.SecurityFilter user try to access: admin Role: Administrator URL: getAllPayment
2018-12-07 13:26:15 INFO  class by.training.task.web.config.SecurityConfig set security access strings
2018-12-07 13:26:15 INFO  class by.training.task.web.config.SecurityConfig set security access strings
2018-12-07 13:26:15 INFO  class by.training.task.web.config.SecurityConfig set security access strings
